<?xml version="1.0" encoding="UTF-8" ?>
<testsuite failures="1" time="4.702" errors="0" skipped="0" tests="3" name="ttt.model.dao.UserDaoTest">
  <properties>
[...]
</properties>
  <testcase time="0.259" classname="ttt.model.dao.UserDaoTest" name="getGamesAgainstAI">
    <failure type="java.lang.AssertionError">java.lang.AssertionError
	at ttt.model.dao.UserDaoTest.getGamesAgainstAI(UserDaoTest.java:23)
</failure>
    <system-err>Jun 09, 2014 11:48:50 PM org.springframework.beans.factory.xml.XmlBeanDefinitionReader loadBeanDefinitions
INFO: Loading XML bean definitions from class path resource [applicationContext.xml]
Jun 09, 2014 11:48:51 PM org.springframework.context.support.AbstractApplicationContext prepareRefresh
INFO: Refreshing org.springframework.context.support.GenericApplicationContext@6c2e1e17: startup date [Mon Jun 09 23:48:51 PDT 2014]; root of context hierarchy
Jun 09, 2014 11:48:51 PM org.springframework.context.support.AbstractApplicationContext$BeanPostProcessorChecker postProcessAfterInitialization
INFO: Bean &apos;dataSource&apos; of type [class org.apache.tomcat.jdbc.pool.DataSource] is not eligible for getting processed by all BeanPostProcessors (for example: not eligible for auto-proxying)
Jun 09, 2014 11:48:51 PM org.springframework.orm.jpa.LocalContainerEntityManagerFactoryBean createNativeEntityManagerFactory
INFO: Building JPA container EntityManagerFactory for persistence unit &apos;ttt&apos;
Jun 09, 2014 11:48:51 PM org.hibernate.annotations.common.Version &lt;clinit&gt;
INFO: HCANN000001: Hibernate Commons Annotations {4.0.2.Final}
Jun 09, 2014 11:48:51 PM org.hibernate.Version logVersion
INFO: HHH000412: Hibernate Core {4.2.11.Final}
Jun 09, 2014 11:48:51 PM org.hibernate.cfg.Environment &lt;clinit&gt;
INFO: HHH000206: hibernate.properties not found
Jun 09, 2014 11:48:51 PM org.hibernate.cfg.Environment buildBytecodeProvider
INFO: HHH000021: Bytecode provider name : javassist
Jun 09, 2014 11:48:52 PM org.hibernate.ejb.Ejb3Configuration configure
INFO: HHH000204: Processing PersistenceUnitInfo [
	name: ttt
	...]
Jun 09, 2014 11:48:52 PM org.hibernate.service.jdbc.connections.internal.ConnectionProviderInitiator instantiateExplicitConnectionProvider
INFO: HHH000130: Instantiating explicit connection provider: org.hibernate.ejb.connection.InjectedDataSourceConnectionProvider
Jun 09, 2014 11:48:52 PM org.hibernate.dialect.Dialect &lt;init&gt;
INFO: HHH000400: Using dialect: org.hibernate.dialect.PostgreSQLDialect
Jun 09, 2014 11:48:52 PM org.hibernate.engine.jdbc.internal.LobCreatorBuilder useContextualLobCreation
INFO: HHH000424: Disabling contextual LOB creation as createClob() method threw error : java.lang.reflect.InvocationTargetException
Jun 09, 2014 11:48:52 PM org.hibernate.engine.transaction.internal.TransactionFactoryInitiator initiateService
INFO: HHH000268: Transaction strategy: org.hibernate.engine.transaction.internal.jdbc.JdbcTransactionFactory
Jun 09, 2014 11:48:52 PM org.hibernate.hql.internal.ast.ASTQueryTranslatorFactory &lt;init&gt;
INFO: HHH000397: Using ASTQueryTranslatorFactory
Jun 09, 2014 11:48:53 PM org.springframework.context.support.AbstractApplicationContext$BeanPostProcessorChecker postProcessAfterInitialization
INFO: Bean &apos;entityManagerFactory&apos; of type [class org.springframework.orm.jpa.LocalContainerEntityManagerFactoryBean] is not eligible for getting processed by all BeanPostProcessors (for example: not eligible for auto-proxying)
Jun 09, 2014 11:48:53 PM org.springframework.beans.factory.support.DefaultListableBeanFactory preInstantiateSingletons
INFO: Pre-instantiating singletons in org.springframework.beans.factory.support.DefaultListableBeanFactory@39c619f3: defining beans [dataSource,entityManagerFactory,transactionManager,org.springframework.dao.annotation.PersistenceExceptionTranslationPostProcessor#0,org.springframework.context.annotation.internalConfigurationAnnotationProcessor,org.springframework.context.annotation.internalAutowiredAnnotationProcessor,org.springframework.context.annotation.internalRequiredAnnotationProcessor,org.springframework.context.annotation.internalCommonAnnotationProcessor,org.springframework.context.annotation.internalPersistenceAnnotationProcessor,org.springframework.aop.config.internalAutoProxyCreator,org.springframework.transaction.annotation.AnnotationTransactionAttributeSource#0,org.springframework.transaction.interceptor.TransactionInterceptor#0,org.springframework.transaction.config.internalTransactionAdvisor,userDaoImpl,check,host,join,match,matchedPlayer,whosOnline,org.springframework.context.annotation.ConfigurationClassPostProcessor.importAwareProcessor]; root of factory hierarchy
Jun 09, 2014 11:48:53 PM org.springframework.test.context.transaction.TransactionalTestExecutionListener startNewTransaction
INFO: Began transaction (1): transaction manager [org.springframework.orm.jpa.JpaTransactionManager@1f5ae099]; rollback [true]
Jun 09, 2014 11:48:53 PM org.hibernate.hql.internal.ast.HqlSqlWalker generatePositionalParameter
WARN: [DEPRECATION] Encountered positional parameter near line 1, column 38.  Positional parameter are considered deprecated; use named parameters or JPA-style positional parameters instead.
Jun 09, 2014 11:48:54 PM org.hibernate.hql.internal.ast.HqlSqlWalker generatePositionalParameter
WARN: [DEPRECATION] Encountered positional parameter near line 1, column 57.  Positional parameter are considered deprecated; use named parameters or JPA-style positional parameters instead.
</system-err>
  </testcase>
  <testcase time="0.002" classname="ttt.model.dao.UserDaoTest" name="getPlayer"/>
  <testcase time="0.007" classname="ttt.model.dao.UserDaoTest" name="getSavedGames"/>
</testsuite>